<?xml version="1.0" encoding="UTF-8"?>
<!-- Generated by org.testng.reporters.JUnitReportReporter -->
<testsuite hostname="DESKTOP-SNJDH69" failures="0" tests="4" name="OrangeHRMTest" time="8.609" errors="0" timestamp="2025-02-08T12:37:02 IST" skipped="0">
  <testcase classname="OrangeHRMTest" name="openapp" time="5.119"/>
  <testcase classname="OrangeHRMTest" name="testLogo" time="3.036"/>
  <testcase classname="OrangeHRMTest" name="testLogin" time="0.176"/>
  <testcase classname="OrangeHRMTest" name="closeApp" time="0.278"/>
</testsuite> <!-- OrangeHRMTest -->
