<?xml version="1.0" encoding="UTF-8"?>
<!-- Generated by org.testng.reporters.JUnitReportReporter -->
<testsuite hostname="DESKTOP-SNJDH69" failures="0" tests="2" name="day43.AnnotationTestDemo" time="0.013" errors="0" timestamp="2025-02-08T12:44:30 IST" skipped="0">
  <testcase classname="day43.AnnotationTestDemo" name="search" time="0.002"/>
  <system-out/>
  <testcase classname="day43.AnnotationTestDemo" name="advancedSearch" time="0.011"/>
  <system-out/>
</testsuite> <!-- day43.AnnotationTestDemo -->
