<?xml version="1.0" encoding="UTF-8"?>
<!-- Generated by org.testng.reporters.JUnitReportReporter -->
<testsuite hostname="DESKTOP-SNJDH69" failures="0" tests="4" name="day42.OrangeHRMTest" time="10.083" errors="0" timestamp="2025-02-07T22:49:08 IST" skipped="0">
  <testcase classname="day42.OrangeHRMTest" name="openapp" time="5.542"/>
  <system-out/>
  <testcase classname="day42.OrangeHRMTest" name="testLogo" time="3.049"/>
  <system-out/>
  <testcase classname="day42.OrangeHRMTest" name="testLogin" time="1.283"/>
  <system-out/>
  <testcase classname="day42.OrangeHRMTest" name="closeApp" time="0.209"/>
  <system-out/>
</testsuite> <!-- day42.OrangeHRMTest -->
