<?xml version="1.0" encoding="UTF-8"?>
<!-- Generated by org.testng.reporters.JUnitReportReporter -->
<testsuite hostname="DESKTOP-SNJDH69" failures="0" tests="2" name="day44.payments" time="0.011" errors="0" timestamp="2025-02-15T16:18:23 IST" skipped="0">
  <testcase classname="day44.payments" name="paymentinRupees" time="0.009"/>
  <system-out/>
  <testcase classname="day44.payments" name="paymentinDollars" time="0.002"/>
  <system-out/>
</testsuite> <!-- day44.payments -->
