<?xml version="1.0" encoding="UTF-8"?>
<!-- Generated by org.testng.reporters.JUnitReportReporter -->
<testsuite hostname="DESKTOP-SNJDH69" failures="0" tests="1" name="FirstTestCase" time="0.011" errors="0" timestamp="2025-02-07T17:42:24 IST" skipped="0">
  <testcase classname="FirstTestCase" name="logout" time="0.011"/>
  <system-out/>
</testsuite> <!-- FirstTestCase -->
