<?xml version="1.0" encoding="UTF-8"?>
<!-- Generated by org.testng.reporters.JUnitReportReporter -->
<testsuite hostname="DESKTOP-SNJDH69" failures="0" tests="3" name="day44.LoginTests" time="0.010" errors="0" timestamp="2025-02-15T16:10:07 IST" skipped="0">
  <testcase classname="day44.LoginTests" name="loginbyEmail" time="0.008"/>
  <system-out/>
  <testcase classname="day44.LoginTests" name="loginByFacebook" time="0.001"/>
  <system-out/>
  <testcase classname="day44.LoginTests" name="loginByTwitter" time="0.001"/>
  <system-out/>
</testsuite> <!-- day44.LoginTests -->
