<?xml version="1.0" encoding="UTF-8"?>
<!-- Generated by org.testng.reporters.JUnitReportReporter -->
<testsuite hostname="DESKTOP-SNJDH69" failures="0" tests="1" name="day47.LoginTest" time="2.486" errors="0" timestamp="2025-02-20T12:11:52 IST" skipped="0">
  <testcase classname="day47.LoginTest" name="testLogin" time="2.486"/>
  <system-out/>
</testsuite> <!-- day47.LoginTest -->
