<?xml version="1.0" encoding="UTF-8"?>
<!-- Generated by org.testng.reporters.JUnitReportReporter -->
<testsuite hostname="DESKTOP-SNJDH69" failures="0" tests="4" name="OrangeHRMTest" time="10.652" errors="0" timestamp="2025-02-07T22:18:10 IST" skipped="0">
  <testcase classname="OrangeHRMTest" name="openapp" time="5.789"/>
  <system-out/>
  <testcase classname="OrangeHRMTest" name="testLogo" time="3.037"/>
  <system-out/>
  <testcase classname="OrangeHRMTest" name="testLogin" time="0.161"/>
  <system-out/>
  <testcase classname="OrangeHRMTest" name="closeApp" time="1.665"/>
  <system-out/>
</testsuite> <!-- OrangeHRMTest -->
