<?xml version="1.0" encoding="UTF-8"?>
<!-- Generated by org.testng.reporters.JUnitReportReporter -->
<testsuite hostname="DESKTOP-SNJDH69" failures="0" tests="3" name="day44.signUp" time="0.002" errors="0" timestamp="2025-02-15T16:08:27 IST" skipped="0">
  <testcase classname="day44.signUp" name="signUpbyEmail" time="0.001"/>
  <system-out/>
  <testcase classname="day44.signUp" name="signUpByFacebook" time="0.001"/>
  <system-out/>
  <testcase classname="day44.signUp" name="signUpByTwitter" time="0.000"/>
  <system-out/>
</testsuite> <!-- day44.signUp -->
