<?xml version="1.0" encoding="UTF-8"?>
<!-- Generated by org.testng.reporters.JUnitReportReporter -->
<testsuite hostname="DESKTOP-SNJDH69" failures="0" tests="1" name="day47.LaTest" time="0.573" errors="0" timestamp="2025-02-20T11:58:10 IST" skipped="0">
  <testcase classname="day47.LaTest" name="TestLogin" time="0.573"/>
  <system-out/>
</testsuite> <!-- day47.LaTest -->
