<?xml version="1.0" encoding="UTF-8"?>
<!-- Generated by org.testng.reporters.JUnitReportReporter -->
<testsuite hostname="DESKTOP-SNJDH69" failures="0" tests="2" name="day43.AllAnnotations" time="0.009" errors="0" timestamp="2025-02-08T15:08:57 IST" skipped="0">
  <testcase classname="day43.AllAnnotations" name="tm1" time="0.008"/>
  <system-out/>
  <testcase classname="day43.AllAnnotations" name="tm2" time="0.001"/>
  <system-out/>
</testsuite> <!-- day43.AllAnnotations -->
