<?xml version="1.0" encoding="UTF-8"?>
<!-- Generated by org.testng.reporters.JUnitReportReporter -->
<testsuite hostname="DESKTOP-SNJDH69" failures="0" tests="9" name="day45.ParameterTest" time="9.211" errors="0" timestamp="2025-02-18T18:29:41 IST" skipped="0">
  <testcase classname="day45.ParameterTest" name="testLogo" time="3.055"/>
  <system-out/>
  <testcase classname="day45.ParameterTest" name="testLogo" time="3.041"/>
  <system-out/>
  <testcase classname="day45.ParameterTest" name="testLogo" time="3.061"/>
  <system-out/>
  <testcase classname="day45.ParameterTest" name="testTitle" time="0.012"/>
  <system-out/>
  <testcase classname="day45.ParameterTest" name="testTitle" time="0.012"/>
  <system-out/>
  <testcase classname="day45.ParameterTest" name="testTitle" time="0.006"/>
  <system-out/>
  <testcase classname="day45.ParameterTest" name="testURL" time="0.009"/>
  <system-out/>
  <testcase classname="day45.ParameterTest" name="testURL" time="0.008"/>
  <system-out/>
  <testcase classname="day45.ParameterTest" name="testURL" time="0.007"/>
  <system-out/>
</testsuite> <!-- day45.ParameterTest -->
