<?xml version="1.0" encoding="UTF-8"?>
<!-- Generated by org.testng.reporters.JUnitReportReporter -->
<testsuite hostname="DESKTOP-SNJDH69" failures="0" tests="2" name="day43.AnnotationTestDemo2" time="0.006" errors="0" timestamp="2025-02-08T12:56:52 IST" skipped="0">
  <testcase classname="day43.AnnotationTestDemo2" name="advancedSearch" time="0.005"/>
  <system-out/>
  <testcase classname="day43.AnnotationTestDemo2" name="search" time="0.001"/>
  <system-out/>
</testsuite> <!-- day43.AnnotationTestDemo2 -->
