<?xml version="1.0" encoding="UTF-8"?>
<!-- Generated by org.testng.reporters.JUnitReportReporter -->
<testsuite hostname="DESKTOP-SNJDH69" failures="0" tests="1" name="testCases.TC_001_AccountRegistrationTest" time="3.972" errors="0" timestamp="2025-02-27T18:13:09 IST" skipped="0">
  <testcase classname="testCases.TC_001_AccountRegistrationTest" name="verify_account_registration" time="3.972"/>
</testsuite> <!-- testCases.TC_001_AccountRegistrationTest -->
