<?xml version="1.0" encoding="UTF-8"?>
<!-- Generated by org.testng.reporters.JUnitReportReporter -->
<testsuite hostname="DESKTOP-SNJDH69" failures="0" tests="1" name="testCases.TC_001_Account_Registration_Test" time="0.815" errors="0" timestamp="2025-02-25T17:30:55 IST" skipped="0">
  <testcase classname="testCases.TC_001_Account_Registration_Test" name="verify_Account_registration" time="0.815"/>
</testsuite> <!-- testCases.TC_001_Account_Registration_Test -->
